Using pre-set license
Built from '2021.3/staging' branch; Version is '2021.3.1f1 (3b70a0754835) revision 3895456'; Using compiler version '192829333'; Build Type 'Release'
OS: 'Windows 10  (10.0.19044) 64bit Core' Language: 'ko' Physical Memory: 16309 MB
BatchMode: 1, IsHumanControllingUs: 0, StartBugReporterOnCrash: 0, Is64bit: 1, IsPro: 1

COMMAND LINE ARGUMENTS:
C:\Program Files\Unity\Hub\Editor\2021.3.1f1\Editor\Unity.exe
-adb2
-batchMode
-noUpm
-name
AssetImportWorker2
-projectPath
C:/Users/User/Tetris
-logFile
Logs/AssetImportWorker2.log
-srvPort
56024
Successfully changed project path to: C:/Users/User/Tetris
C:/Users/User/Tetris
[UnityMemory] Configuration Parameters - Can be set up in boot.config
    "memorysetup-bucket-allocator-granularity=16"
    "memorysetup-bucket-allocator-bucket-count=8"
    "memorysetup-bucket-allocator-block-size=33554432"
    "memorysetup-bucket-allocator-block-count=8"
    "memorysetup-main-allocator-block-size=16777216"
    "memorysetup-thread-allocator-block-size=16777216"
    "memorysetup-gfx-main-allocator-block-size=16777216"
    "memorysetup-gfx-thread-allocator-block-size=16777216"
    "memorysetup-cache-allocator-block-size=4194304"
    "memorysetup-typetree-allocator-block-size=2097152"
    "memorysetup-profiler-bucket-allocator-granularity=16"
    "memorysetup-profiler-bucket-allocator-bucket-count=8"
    "memorysetup-profiler-bucket-allocator-block-size=33554432"
    "memorysetup-profiler-bucket-allocator-block-count=8"
    "memorysetup-profiler-allocator-block-size=16777216"
    "memorysetup-profiler-editor-allocator-block-size=1048576"
    "memorysetup-temp-allocator-size-main=16777216"
    "memorysetup-job-temp-allocator-block-size=2097152"
    "memorysetup-job-temp-allocator-block-size-background=1048576"
    "memorysetup-job-temp-allocator-reduction-small-platforms=262144"
    "memorysetup-temp-allocator-size-background-worker=32768"
    "memorysetup-temp-allocator-size-job-worker=262144"
    "memorysetup-temp-allocator-size-preload-manager=33554432"
    "memorysetup-temp-allocator-size-nav-mesh-worker=65536"
    "memorysetup-temp-allocator-size-audio-worker=65536"
    "memorysetup-temp-allocator-size-cloud-worker=32768"
    "memorysetup-temp-allocator-size-gi-baking-worker=262144"
    "memorysetup-temp-allocator-size-gfx=262144"
Refreshing native plugins compatible for Editor in 46.48 ms, found 3 plugins.
Preloading 0 native plugins for Editor in 0.00 ms.
Initialize engine version: 2021.3.1f1 (3b70a0754835)
[Subsystems] Discovering subsystems at path C:/Program Files/Unity/Hub/Editor/2021.3.1f1/Editor/Data/Resources/UnitySubsystems
[Subsystems] Discovering subsystems at path C:/Users/User/Tetris/Assets
GfxDevice: creating device client; threaded=0; jobified=0
Direct3D:
    Version:  Direct3D 11.0 [level 11.1]
    Renderer: NVIDIA GeForce RTX 3060 Ti (ID=0x2489)
    Vendor:   NVIDIA
    VRAM:     8050 MB
    Driver:   30.0.14.7212
Initialize mono
Mono path[0] = 'C:/Program Files/Unity/Hub/Editor/2021.3.1f1/Editor/Data/Managed'
Mono path[1] = 'C:/Program Files/Unity/Hub/Editor/2021.3.1f1/Editor/Data/MonoBleedingEdge/lib/mono/unityjit-win32'
Mono config path = 'C:/Program Files/Unity/Hub/Editor/2021.3.1f1/Editor/Data/MonoBleedingEdge/etc'
Using monoOptions --debugger-agent=transport=dt_socket,embedding=1,server=y,suspend=n,address=127.0.0.1:56468
Begin MonoManager ReloadAssembly
Registering precompiled unity dll's ...
Register platform support module: C:/Program Files/Unity/Hub/Editor/2021.3.1f1/Editor/Data/PlaybackEngines/WebGLSupport/UnityEditor.WebGL.Extensions.dll
Register platform support module: C:/Program Files/Unity/Hub/Editor/2021.3.1f1/Editor/Data/PlaybackEngines/WindowsStandaloneSupport/UnityEditor.WindowsStandalone.Extensions.dll
Registered in 0.008503 seconds.
Native extension for WindowsStandalone target not found
Native extension for WebGL target not found
Refreshing native plugins compatible for Editor in 46.65 ms, found 3 plugins.
Preloading 0 native plugins for Editor in 0.00 ms.
Mono: successfully reloaded assembly
- Completed reload, in  0.451 seconds
Domain Reload Profiling:
	ReloadAssembly (451ms)
		BeginReloadAssembly (59ms)
			ExecutionOrderSort (0ms)
			DisableScriptedObjects (0ms)
			BackupInstance (0ms)
			ReleaseScriptingObjects (0ms)
			CreateAndSetChildDomain (1ms)
		EndReloadAssembly (305ms)
			LoadAssemblies (57ms)
			RebuildTransferFunctionScriptingTraits (0ms)
			SetupTypeCache (73ms)
			ReleaseScriptCaches (0ms)
			RebuildScriptCaches (19ms)
			SetupLoadedEditorAssemblies (175ms)
				LogAssemblyErrors (0ms)
				InitializePlatformSupportModulesInManaged (7ms)
				SetLoadedEditorAssemblies (0ms)
				RefreshPlugins (47ms)
				BeforeProcessingInitializeOnLoad (1ms)
				ProcessInitializeOnLoadAttributes (88ms)
				ProcessInitializeOnLoadMethodAttributes (31ms)
				AfterProcessingInitializeOnLoad (0ms)
				EditorAssembliesLoaded (0ms)
			ExecutionOrderSort2 (0ms)
			AwakeInstancesAfterBackupRestoration (0ms)
Platform modules already initialized, skipping
Registering precompiled user dll's ...
Registered in 0.003514 seconds.
Begin MonoManager ReloadAssembly
Symbol file LoadedFromMemory doesn't match image C:\Users\User\Tetris\Library\PackageCache\com.unity.visualscripting@1.7.6\Editor\VisualScripting.Core\Dependencies\YamlDotNet\Unity.VisualScripting.YamlDotNet.dll
Symbol file LoadedFromMemory is not a mono symbol file
Symbol file LoadedFromMemory doesn't match image C:\Users\User\Tetris\Library\PackageCache\com.unity.visualscripting@1.7.6\Editor\VisualScripting.Core\Dependencies\DotNetZip\Unity.VisualScripting.IonicZip.dll
Native extension for WindowsStandalone target not found
Native extension for WebGL target not found
Refreshing native plugins compatible for Editor in 0.52 ms, found 3 plugins.
Preloading 0 native plugins for Editor in 0.00 ms.
Mono: successfully reloaded assembly
- Completed reload, in  0.689 seconds
Domain Reload Profiling:
	ReloadAssembly (690ms)
		BeginReloadAssembly (85ms)
			ExecutionOrderSort (0ms)
			DisableScriptedObjects (4ms)
			BackupInstance (0ms)
			ReleaseScriptingObjects (0ms)
			CreateAndSetChildDomain (16ms)
		EndReloadAssembly (521ms)
			LoadAssemblies (73ms)
			RebuildTransferFunctionScriptingTraits (0ms)
			SetupTypeCache (144ms)
			ReleaseScriptCaches (0ms)
			RebuildScriptCaches (34ms)
			SetupLoadedEditorAssemblies (240ms)
				LogAssemblyErrors (0ms)
				InitializePlatformSupportModulesInManaged (6ms)
				SetLoadedEditorAssemblies (0ms)
				RefreshPlugins (1ms)
				BeforeProcessingInitializeOnLoad (54ms)
				ProcessInitializeOnLoadAttributes (153ms)
				ProcessInitializeOnLoadMethodAttributes (17ms)
				AfterProcessingInitializeOnLoad (8ms)
				EditorAssembliesLoaded (0ms)
			ExecutionOrderSort2 (0ms)
			AwakeInstancesAfterBackupRestoration (4ms)
Platform modules already initialized, skipping
========================================================================
Worker process is ready to serve import requests
Launched and connected shader compiler UnityShaderCompiler.exe after 0.04 seconds
Refreshing native plugins compatible for Editor in 0.61 ms, found 3 plugins.
Preloading 0 native plugins for Editor in 0.00 ms.
Unloading 3105 Unused Serialized files (Serialized files now loaded: 0)
Unloading 20 unused Assets / (47.4 KB). Loaded Objects now: 3568.
Memory consumption went from 107.7 MB to 107.6 MB.
Total: 2.574000 ms (FindLiveObjects: 0.238700 ms CreateObjectMapping: 0.140300 ms MarkObjects: 2.131000 ms  DeleteObjects: 0.063100 ms)

AssetImportParameters requested are different than current active one (requested -> active):
  custom:video-decoder-ogg-theora: a1e56fd34408186e4bbccfd4996cb3dc -> 
  custom:container-muxer-webm: aa71ff27fc2769a1b78a27578f13a17b -> 
  custom:container-demuxer-webm: 4f35f7cbe854078d1ac9338744f61a02 -> 
  custom:video-encoder-webm-vp8: eb34c28f22e8b96e1ab97ce403110664 -> 
  custom:audio-encoder-webm-vorbis: bf7c407c2cedff20999df2af8eb42d56 -> 
  custom:framework-win-MediaFoundation: 216162199b28c13a410421893ffa2e32 -> 
  custom:container-demuxer-ogg: 62fdf1f143b41e24485cea50d1cbac27 -> 
  custom:video-decoder-webm-vp8: 9c59270c3fd7afecdb556c50c9e8de78 -> 
  custom:audio-decoder-ogg-vorbis: bf7c407c2cedff20999df2af8eb42d56 -> 
========================================================================
Received Import Request.
  Time since last request: 664272.225722 seconds.
  path: Assets/Prefeb/tetris_5.prefab
  artifactKey: Guid(2983fd8b8929a894bbc7d76cd987f92f) Importer(815301076,1909f56bfc062723c751e8b465ee728b)
Start importing Assets/Prefeb/tetris_5.prefab using Guid(2983fd8b8929a894bbc7d76cd987f92f) Importer(815301076,1909f56bfc062723c751e8b465ee728b)  -> (artifact id: '359527ab1f7da5efcb6d4fede8ef66c0') in 0.100450 seconds 
========================================================================
Received Import Request.
  Time since last request: 0.000021 seconds.
  path: Assets/Prefeb/tetris_3.prefab
  artifactKey: Guid(ace2da8967d7f0846812519cb7d8917a) Importer(815301076,1909f56bfc062723c751e8b465ee728b)
Start importing Assets/Prefeb/tetris_3.prefab using Guid(ace2da8967d7f0846812519cb7d8917a) Importer(815301076,1909f56bfc062723c751e8b465ee728b)  -> (artifact id: 'a5699445691421689537f324c93bf8bf') in 0.012879 seconds 
========================================================================
Received Import Request.
  Time since last request: 20.070081 seconds.
  path: Assets/Sprite/tetris.png
  artifactKey: Guid(898652b8874f771409a1acc9487be31f) Importer(815301076,1909f56bfc062723c751e8b465ee728b)
Start importing Assets/Sprite/tetris.png using Guid(898652b8874f771409a1acc9487be31f) Importer(815301076,1909f56bfc062723c751e8b465ee728b)  -> (artifact id: '439344e7560ee02a54f4a8656610f2ce') in 0.043253 seconds 
========================================================================
Received Prepare
Registering precompiled user dll's ...
Registered in 0.003830 seconds.
Begin MonoManager ReloadAssembly
Symbol file LoadedFromMemory doesn't match image C:\Users\User\Tetris\Library\PackageCache\com.unity.visualscripting@1.7.6\Editor\VisualScripting.Core\Dependencies\YamlDotNet\Unity.VisualScripting.YamlDotNet.dll
Symbol file LoadedFromMemory is not a mono symbol file
Symbol file LoadedFromMemory doesn't match image C:\Users\User\Tetris\Library\PackageCache\com.unity.visualscripting@1.7.6\Editor\VisualScripting.Core\Dependencies\DotNetZip\Unity.VisualScripting.IonicZip.dll
Native extension for WindowsStandalone target not found
Native extension for WebGL target not found
Refreshing native plugins compatible for Editor in 0.51 ms, found 3 plugins.
Preloading 0 native plugins for Editor in 0.00 ms.
Mono: successfully reloaded assembly
- Completed reload, in  0.636 seconds
Domain Reload Profiling:
	ReloadAssembly (636ms)
		BeginReloadAssembly (99ms)
			ExecutionOrderSort (0ms)
			DisableScriptedObjects (4ms)
			BackupInstance (0ms)
			ReleaseScriptingObjects (0ms)
			CreateAndSetChildDomain (28ms)
		EndReloadAssembly (467ms)
			LoadAssemblies (67ms)
			RebuildTransferFunctionScriptingTraits (0ms)
			SetupTypeCache (129ms)
			ReleaseScriptCaches (1ms)
			RebuildScriptCaches (31ms)
			SetupLoadedEditorAssemblies (216ms)
				LogAssemblyErrors (0ms)
				InitializePlatformSupportModulesInManaged (11ms)
				SetLoadedEditorAssemblies (0ms)
				RefreshPlugins (1ms)
				BeforeProcessingInitializeOnLoad (53ms)
				ProcessInitializeOnLoadAttributes (128ms)
				ProcessInitializeOnLoadMethodAttributes (16ms)
				AfterProcessingInitializeOnLoad (7ms)
				EditorAssembliesLoaded (0ms)
			ExecutionOrderSort2 (0ms)
			AwakeInstancesAfterBackupRestoration (4ms)
Platform modules already initialized, skipping
Refreshing native plugins compatible for Editor in 1.03 ms, found 3 plugins.
Preloading 0 native plugins for Editor in 0.00 ms.
Unloading 3100 Unused Serialized files (Serialized files now loaded: 0)
Unloading 13 unused Assets / (31.7 KB). Loaded Objects now: 3584.
Memory consumption went from 112.0 MB to 112.0 MB.
Total: 2.300200 ms (FindLiveObjects: 0.174500 ms CreateObjectMapping: 0.102500 ms MarkObjects: 2.010000 ms  DeleteObjects: 0.012600 ms)

AssetImportParameters requested are different than current active one (requested -> active):
  custom:video-decoder-ogg-theora: a1e56fd34408186e4bbccfd4996cb3dc -> 
  custom:container-muxer-webm: aa71ff27fc2769a1b78a27578f13a17b -> 
  custom:container-demuxer-webm: 4f35f7cbe854078d1ac9338744f61a02 -> 
  custom:video-encoder-webm-vp8: eb34c28f22e8b96e1ab97ce403110664 -> 
  custom:audio-encoder-webm-vorbis: bf7c407c2cedff20999df2af8eb42d56 -> 
  custom:framework-win-MediaFoundation: 216162199b28c13a410421893ffa2e32 -> 
  custom:container-demuxer-ogg: 62fdf1f143b41e24485cea50d1cbac27 -> 
  custom:video-decoder-webm-vp8: 9c59270c3fd7afecdb556c50c9e8de78 -> 
  custom:audio-decoder-ogg-vorbis: bf7c407c2cedff20999df2af8eb42d56 -> 
========================================================================
Received Prepare
Registering precompiled user dll's ...
Registered in 0.003730 seconds.
Begin MonoManager ReloadAssembly
Symbol file LoadedFromMemory doesn't match image C:\Users\User\Tetris\Library\PackageCache\com.unity.visualscripting@1.7.6\Editor\VisualScripting.Core\Dependencies\YamlDotNet\Unity.VisualScripting.YamlDotNet.dll
Symbol file LoadedFromMemory is not a mono symbol file
Symbol file LoadedFromMemory doesn't match image C:\Users\User\Tetris\Library\PackageCache\com.unity.visualscripting@1.7.6\Editor\VisualScripting.Core\Dependencies\DotNetZip\Unity.VisualScripting.IonicZip.dll
Native extension for WindowsStandalone target not found
Native extension for WebGL target not found
Refreshing native plugins compatible for Editor in 0.51 ms, found 3 plugins.
Preloading 0 native plugins for Editor in 0.00 ms.
Mono: successfully reloaded assembly
- Completed reload, in  0.632 seconds
Domain Reload Profiling:
	ReloadAssembly (633ms)
		BeginReloadAssembly (100ms)
			ExecutionOrderSort (0ms)
			DisableScriptedObjects (5ms)
			BackupInstance (0ms)
			ReleaseScriptingObjects (0ms)
			CreateAndSetChildDomain (27ms)
		EndReloadAssembly (463ms)
			LoadAssemblies (65ms)
			RebuildTransferFunctionScriptingTraits (0ms)
			SetupTypeCache (134ms)
			ReleaseScriptCaches (1ms)
			RebuildScriptCaches (31ms)
			SetupLoadedEditorAssemblies (211ms)
				LogAssemblyErrors (0ms)
				InitializePlatformSupportModulesInManaged (10ms)
				SetLoadedEditorAssemblies (0ms)
				RefreshPlugins (1ms)
				BeforeProcessingInitializeOnLoad (54ms)
				ProcessInitializeOnLoadAttributes (123ms)
				ProcessInitializeOnLoadMethodAttributes (15ms)
				AfterProcessingInitializeOnLoad (8ms)
				EditorAssembliesLoaded (0ms)
			ExecutionOrderSort2 (0ms)
			AwakeInstancesAfterBackupRestoration (4ms)
Platform modules already initialized, skipping
Refreshing native plugins compatible for Editor in 1.04 ms, found 3 plugins.
Preloading 0 native plugins for Editor in 0.00 ms.
Unloading 3137 Unused Serialized files (Serialized files now loaded: 0)
Unloading 13 unused Assets / (31.7 KB). Loaded Objects now: 3624.
Memory consumption went from 113.2 MB to 113.2 MB.
Total: 2.087900 ms (FindLiveObjects: 0.178800 ms CreateObjectMapping: 0.099100 ms MarkObjects: 1.799300 ms  DeleteObjects: 0.010400 ms)

AssetImportParameters requested are different than current active one (requested -> active):
  custom:video-decoder-ogg-theora: a1e56fd34408186e4bbccfd4996cb3dc -> 
  custom:container-muxer-webm: aa71ff27fc2769a1b78a27578f13a17b -> 
  custom:container-demuxer-webm: 4f35f7cbe854078d1ac9338744f61a02 -> 
  custom:video-encoder-webm-vp8: eb34c28f22e8b96e1ab97ce403110664 -> 
  custom:audio-encoder-webm-vorbis: bf7c407c2cedff20999df2af8eb42d56 -> 
  custom:framework-win-MediaFoundation: 216162199b28c13a410421893ffa2e32 -> 
  custom:container-demuxer-ogg: 62fdf1f143b41e24485cea50d1cbac27 -> 
  custom:video-decoder-webm-vp8: 9c59270c3fd7afecdb556c50c9e8de78 -> 
  custom:audio-decoder-ogg-vorbis: bf7c407c2cedff20999df2af8eb42d56 -> 
========================================================================
Received Import Request.
  Time since last request: 269.534240 seconds.
  path: Assets/Sprite/tetris.png
  artifactKey: Guid(898652b8874f771409a1acc9487be31f) Importer(815301076,1909f56bfc062723c751e8b465ee728b)
Start importing Assets/Sprite/tetris.png using Guid(898652b8874f771409a1acc9487be31f) Importer(815301076,1909f56bfc062723c751e8b465ee728b)  -> (artifact id: '4a35603d33484f5a35a3f5be31c4382b') in 0.070142 seconds 
========================================================================
Received Import Request.
  Time since last request: 51.230140 seconds.
  path: Assets/Sprite/tetris.png
  artifactKey: Guid(898652b8874f771409a1acc9487be31f) Importer(815301076,1909f56bfc062723c751e8b465ee728b)
Start importing Assets/Sprite/tetris.png using Guid(898652b8874f771409a1acc9487be31f) Importer(815301076,1909f56bfc062723c751e8b465ee728b)  -> (artifact id: '030adf24a143fe3fa9980212682e991a') in 0.016236 seconds 
========================================================================
Received Import Request.
  Time since last request: 108.323113 seconds.
  path: Assets/Sprite/tetris.png
  artifactKey: Guid(898652b8874f771409a1acc9487be31f) Importer(815301076,1909f56bfc062723c751e8b465ee728b)
Start importing Assets/Sprite/tetris.png using Guid(898652b8874f771409a1acc9487be31f) Importer(815301076,1909f56bfc062723c751e8b465ee728b)  -> (artifact id: '2ed3e73a4830c798bc0b1f96a90b7597') in 0.040369 seconds 
========================================================================
Received Import Request.
  Time since last request: 2.792452 seconds.
  path: Assets/Sprite/tetris.png
  artifactKey: Guid(898652b8874f771409a1acc9487be31f) Importer(815301076,1909f56bfc062723c751e8b465ee728b)
Start importing Assets/Sprite/tetris.png using Guid(898652b8874f771409a1acc9487be31f) Importer(815301076,1909f56bfc062723c751e8b465ee728b)  -> (artifact id: '18aa6d2bfb4a0d23d2d59451b3b6e211') in 0.012911 seconds 
========================================================================
Received Import Request.
  Time since last request: 436.919519 seconds.
  path: Assets/Prefeb/tetris_0.prefab
  artifactKey: Guid(ab5f025cb36460e4e87203d12c805748) Importer(815301076,1909f56bfc062723c751e8b465ee728b)
Start importing Assets/Prefeb/tetris_0.prefab using Guid(ab5f025cb36460e4e87203d12c805748) Importer(815301076,1909f56bfc062723c751e8b465ee728b)  -> (artifact id: '592c87ff01c7e25dc7a3de92233aa90c') in 0.011463 seconds 
========================================================================
Received Import Request.
  Time since last request: 0.000016 seconds.
  path: Assets/Prefeb/tetris_5.prefab
  artifactKey: Guid(2983fd8b8929a894bbc7d76cd987f92f) Importer(815301076,1909f56bfc062723c751e8b465ee728b)
Start importing Assets/Prefeb/tetris_5.prefab using Guid(2983fd8b8929a894bbc7d76cd987f92f) Importer(815301076,1909f56bfc062723c751e8b465ee728b)  -> (artifact id: '41498fd19001a1462f04e6b69007488d') in 0.033625 seconds 
========================================================================
Received Import Request.
  Time since last request: 0.000018 seconds.
  path: Assets/Prefeb/tetris_3.prefab
  artifactKey: Guid(ace2da8967d7f0846812519cb7d8917a) Importer(815301076,1909f56bfc062723c751e8b465ee728b)
Start importing Assets/Prefeb/tetris_3.prefab using Guid(ace2da8967d7f0846812519cb7d8917a) Importer(815301076,1909f56bfc062723c751e8b465ee728b)  -> (artifact id: '59bc14814941319ee264d058c4af68c4') in 0.010033 seconds 
========================================================================
Received Import Request.
  Time since last request: 0.000023 seconds.
  path: Assets/Prefeb/tetris_2.prefab
  artifactKey: Guid(9b57cda15c4d6884990339e4d247a62a) Importer(815301076,1909f56bfc062723c751e8b465ee728b)
Start importing Assets/Prefeb/tetris_2.prefab using Guid(9b57cda15c4d6884990339e4d247a62a) Importer(815301076,1909f56bfc062723c751e8b465ee728b)  -> (artifact id: 'f9a91bb8306be371c52adff6815549f0') in 0.079097 seconds 
========================================================================
Received Import Request.
  Time since last request: 6.703328 seconds.
  path: Assets/Prefeb/block_0.prefab
  artifactKey: Guid(e3c3df93fe30ac64fab7890d8c602f85) Importer(815301076,1909f56bfc062723c751e8b465ee728b)
Start importing Assets/Prefeb/block_0.prefab using Guid(e3c3df93fe30ac64fab7890d8c602f85) Importer(815301076,1909f56bfc062723c751e8b465ee728b)  -> (artifact id: 'f36fa9fd8f8bf95a698ae1170b7bad34') in 0.010214 seconds 
========================================================================
Received Import Request.
  Time since last request: 0.000017 seconds.
  path: Assets/Prefeb/block_5.prefab
  artifactKey: Guid(2049f92b0e1499643986343afce7e6fe) Importer(815301076,1909f56bfc062723c751e8b465ee728b)
Start importing Assets/Prefeb/block_5.prefab using Guid(2049f92b0e1499643986343afce7e6fe) Importer(815301076,1909f56bfc062723c751e8b465ee728b)  -> (artifact id: 'bbbd8f60a00ec03ae0a1dd9bc07b3c46') in 0.010433 seconds 
========================================================================
Received Import Request.
  Time since last request: 0.000024 seconds.
  path: Assets/Prefeb/block_3.prefab
  artifactKey: Guid(6455624215ae2db4ebd09cce4ae80e79) Importer(815301076,1909f56bfc062723c751e8b465ee728b)
Start importing Assets/Prefeb/block_3.prefab using Guid(6455624215ae2db4ebd09cce4ae80e79) Importer(815301076,1909f56bfc062723c751e8b465ee728b)  -> (artifact id: '45168ecfe3557865b313df095a21942f') in 0.010080 seconds 
========================================================================
Received Import Request.
  Time since last request: 17.794896 seconds.
  path: ProjectSettings/TagManager.asset
  artifactKey: Guid(00000000000000003000000000000000) Importer(815301076,1909f56bfc062723c751e8b465ee728b)
Start importing ProjectSettings/TagManager.asset using Guid(00000000000000003000000000000000) Importer(815301076,1909f56bfc062723c751e8b465ee728b)  -> (artifact id: '5f74b9f0782f3ffe8a654b2b60a9f33c') in 0.005390 seconds 
========================================================================
Received Import Request.
  Time since last request: 53.940109 seconds.
  path: Assets/Prefeb/block_0.prefab
  artifactKey: Guid(e3c3df93fe30ac64fab7890d8c602f85) Importer(815301076,1909f56bfc062723c751e8b465ee728b)
Start importing Assets/Prefeb/block_0.prefab using Guid(e3c3df93fe30ac64fab7890d8c602f85) Importer(815301076,1909f56bfc062723c751e8b465ee728b)  -> (artifact id: 'af1797e61936a89bbda113be5298030f') in 0.014271 seconds 
========================================================================
Received Import Request.
  Time since last request: 0.000023 seconds.
  path: Assets/Prefeb/block_5.prefab
  artifactKey: Guid(2049f92b0e1499643986343afce7e6fe) Importer(815301076,1909f56bfc062723c751e8b465ee728b)
Start importing Assets/Prefeb/block_5.prefab using Guid(2049f92b0e1499643986343afce7e6fe) Importer(815301076,1909f56bfc062723c751e8b465ee728b)  -> (artifact id: 'd58d5438feea36f756465453e68176e3') in 0.014892 seconds 
========================================================================
Received Import Request.
  Time since last request: 0.000015 seconds.
  path: Assets/Prefeb/block_3.prefab
  artifactKey: Guid(6455624215ae2db4ebd09cce4ae80e79) Importer(815301076,1909f56bfc062723c751e8b465ee728b)
Start importing Assets/Prefeb/block_3.prefab using Guid(6455624215ae2db4ebd09cce4ae80e79) Importer(815301076,1909f56bfc062723c751e8b465ee728b)  -> (artifact id: '23bad5a3d92fabc3f2037167a8fb6903') in 0.030264 seconds 
Editor requested this worker to shutdown with reason: Scaling down because of idle timeout
AssetImportWorker is now disconnected from the server
Process exiting
Exiting without the bug reporter. Application will terminate with return code 0